<?xml version="1.0" encoding="UTF-8"?>
<!-- Generated by org.testng.reporters.JUnitReportReporter -->
<testsuite hostname="DESKTOP-5LEOOHR" failures="0" tests="5" name="dialCombinationV01.testCases.TC02" time="0.020" errors="0" timestamp="01 Aug 2020 17:57:29 GMT" skipped="0">
  <testcase classname="dialCombinationV01.testCases.TC02" name="tc10ValidateWithValidInputData" time="0.002"/>
  <testcase classname="dialCombinationV01.testCases.TC02" name="tc10ValidateWithValidInputData" time="0.003"/>
  <testcase classname="dialCombinationV01.testCases.TC02" name="tc10ValidateWithValidInputData" time="0.004"/>
  <testcase classname="dialCombinationV01.testCases.TC02" name="tc10ValidateWithValidInputData" time="0.008"/>
  <testcase classname="dialCombinationV01.testCases.TC02" name="tc10ValidateWithValidInputData" time="0.003"/>
</testsuite> <!-- dialCombinationV01.testCases.TC02 -->
